  Source.c
D:\VSrepo\SimpleTextEditor\STE\Source.c(30,12): warning C4473: 'scanf_s' : not enough arguments passed for format string
D:\VSrepo\SimpleTextEditor\STE\Source.c(30,12): message : placeholders and their parameters expect 2 variadic arguments, but 1 were provided
D:\VSrepo\SimpleTextEditor\STE\Source.c(30,12): message : the missing variadic argument 2 is required by format string '%c'
D:\VSrepo\SimpleTextEditor\STE\Source.c(30,12): message : this argument is used as a buffer size
D:\VSrepo\SimpleTextEditor\STE\Source.c(31,12): warning C4477: 'scanf_s' : format string '%[^\n]' requires an argument of type 'unsigned int', but variadic argument 2 has type 'size_t'
D:\VSrepo\SimpleTextEditor\STE\Source.c(31,12): message : this argument is used as a buffer size
D:\VSrepo\SimpleTextEditor\STE\Source.c(60,12): warning C4477: 'scanf_s' : format string '%s' requires an argument of type 'unsigned int', but variadic argument 2 has type 'size_t'
D:\VSrepo\SimpleTextEditor\STE\Source.c(60,12): message : this argument is used as a buffer size
D:\VSrepo\SimpleTextEditor\STE\Source.c(72,12): warning C4477: 'scanf_s' : format string '%s' requires an argument of type 'unsigned int', but variadic argument 2 has type 'size_t'
D:\VSrepo\SimpleTextEditor\STE\Source.c(72,12): message : this argument is used as a buffer size
D:\VSrepo\SimpleTextEditor\STE\Source.c(117,12): warning C4473: 'scanf_s' : not enough arguments passed for format string
D:\VSrepo\SimpleTextEditor\STE\Source.c(117,12): message : placeholders and their parameters expect 2 variadic arguments, but 1 were provided
D:\VSrepo\SimpleTextEditor\STE\Source.c(117,12): message : the missing variadic argument 2 is required by format string '%c'
D:\VSrepo\SimpleTextEditor\STE\Source.c(117,12): message : this argument is used as a buffer size
D:\VSrepo\SimpleTextEditor\STE\Source.c(118,12): warning C4477: 'scanf_s' : format string '%[^\n]' requires an argument of type 'unsigned int', but variadic argument 2 has type 'size_t'
D:\VSrepo\SimpleTextEditor\STE\Source.c(118,12): message : this argument is used as a buffer size
D:\VSrepo\SimpleTextEditor\STE\Source.c(133,12): warning C4473: 'scanf_s' : not enough arguments passed for format string
D:\VSrepo\SimpleTextEditor\STE\Source.c(133,12): message : placeholders and their parameters expect 2 variadic arguments, but 1 were provided
D:\VSrepo\SimpleTextEditor\STE\Source.c(133,12): message : the missing variadic argument 2 is required by format string '%c'
D:\VSrepo\SimpleTextEditor\STE\Source.c(133,12): message : this argument is used as a buffer size
D:\VSrepo\SimpleTextEditor\STE\Source.c(134,12): warning C4477: 'scanf_s' : format string '%[^\n]' requires an argument of type 'unsigned int', but variadic argument 2 has type 'size_t'
D:\VSrepo\SimpleTextEditor\STE\Source.c(134,12): message : this argument is used as a buffer size
  STE.vcxproj -> D:\VSrepo\SimpleTextEditor\x64\Debug\STE.exe
